<?xml version="1.0" encoding="UTF-8"?>
<!-- Generated by org.testng.reporters.JUnitReportReporter -->
<testsuite skipped="1" hostname="PC77334" name="webstoreselenium.qa.testcases.quote.Test_Quote_UK" tests="2" failures="0" timestamp="15 Apr 2019 12:06:04 GMT" time="26.108" errors="0">
  <testcase name="verify_MCL_quote" time="26.108" classname="webstoreselenium.qa.testcases.quote.Test_Quote_UK"/>
  <testcase name="verify_MCL_quoteEmail_generated" classname="webstoreselenium.qa.testcases.quote.Test_Quote_UK">
    <skipped/>
  </testcase> <!-- verify_MCL_quoteEmail_generated -->
</testsuite> <!-- webstoreselenium.qa.testcases.quote.Test_Quote_UK -->
