<?xml version="1.0" encoding="UTF-8"?>
<!-- Generated by org.testng.reporters.JUnitReportReporter -->
<testsuite skipped="1" hostname="PC77334" name="webstoreselenium.qa.testcases.quote.Test_Quote_US" tests="2" failures="0" timestamp="21 May 2019 12:59:21 GMT" time="21.903" errors="0">
  <testcase name="verify_US_quote" time="21.903" classname="webstoreselenium.qa.testcases.quote.Test_Quote_US"/>
  <testcase name="verify_US_quoteEmail_generated" classname="webstoreselenium.qa.testcases.quote.Test_Quote_US">
    <skipped/>
  </testcase> <!-- verify_US_quoteEmail_generated -->
</testsuite> <!-- webstoreselenium.qa.testcases.quote.Test_Quote_US -->
