<?xml version="1.0" encoding="UTF-8"?>
<!-- Generated by org.testng.reporters.JUnitReportReporter -->
<testsuite skipped="0" hostname="PC77334" name="webstoreselenium.qa.testcases.LoginPageTest" tests="2" failures="0" timestamp="14 May 2019 19:43:46 GMT" time="27.865" errors="0">
  <testcase name="verifyCurrentUrl" time="13.850" classname="webstoreselenium.qa.testcases.LoginPageTest"/>
  <testcase name="verifyErrorMsgForInvalidLogin" time="14.015" classname="webstoreselenium.qa.testcases.LoginPageTest"/>
</testsuite> <!-- webstoreselenium.qa.testcases.LoginPageTest -->
