<?xml version="1.0" encoding="UTF-8"?>
<!-- Generated by org.testng.reporters.JUnitReportReporter -->
<testsuite skipped="1" hostname="PC77334" name="webstoreselenium.qa.testcases.ezsample.Test_ezSample_sucess" tests="3" failures="0" timestamp="29 Apr 2019 15:43:12 GMT" time="33.667" errors="0">
  <testcase name="verify_EZorder_success" time="19.942" classname="webstoreselenium.qa.testcases.ezsample.Test_ezSample_sucess"/>
  <testcase name="verify_Exception_noSameOrder1Month" time="13.725" classname="webstoreselenium.qa.testcases.ezsample.Test_ezSample_sucess"/>
  <testcase name="verify_US_ezOrderEmail_generated" classname="webstoreselenium.qa.testcases.ezsample.Test_ezSample_sucess">
    <skipped/>
  </testcase> <!-- verify_US_ezOrderEmail_generated -->
</testsuite> <!-- webstoreselenium.qa.testcases.ezsample.Test_ezSample_sucess -->
