<?xml version="1.0" encoding="UTF-8"?>
<!-- Generated by org.testng.reporters.JUnitReportReporter -->
<testsuite skipped="0" hostname="PC77334" name="webstoreselenium.qa.testcases.quote.Test_Order_US" tests="1" failures="0" timestamp="03 Apr 2019 15:31:17 GMT" time="54.473" errors="0">
  <testcase name="verify_US_order" time="54.473" classname="webstoreselenium.qa.testcases.quote.Test_Order_US"/>
</testsuite> <!-- webstoreselenium.qa.testcases.quote.Test_Order_US -->
