<?xml version="1.0" encoding="UTF-8"?>
<!-- Generated by org.testng.reporters.JUnitReportReporter -->
<testsuite skipped="0" hostname="PC77334" name="webstoreselenium.qa.testcases.order.Test_Order_UK" tests="1" failures="0" timestamp="29 Apr 2019 14:30:32 GMT" time="28.972" errors="0">
  <testcase name="verify_UK_order" time="28.972" classname="webstoreselenium.qa.testcases.order.Test_Order_UK"/>
</testsuite> <!-- webstoreselenium.qa.testcases.order.Test_Order_UK -->
