<?xml version="1.0" encoding="UTF-8"?>
<!-- Generated by org.testng.reporters.JUnitReportReporter -->
<testsuite skipped="0" hostname="PC77334" name="webstoreselenium.qa.testcases.IndexPageTest" tests="1" failures="0" timestamp="14 May 2019 19:44:10 GMT" time="13.932" errors="0">
  <testcase name="verifyIndexPageTitle" time="13.932" classname="webstoreselenium.qa.testcases.IndexPageTest"/>
</testsuite> <!-- webstoreselenium.qa.testcases.IndexPageTest -->
