<?xml version="1.0" encoding="UTF-8"?>
<!-- Generated by org.testng.reporters.JUnitReportReporter -->
<testsuite skipped="1" hostname="PC77334" name="webstoreselenium.qa.testcases.order.Test_Order_US" tests="2" failures="0" timestamp="06 Jun 2019 15:16:26 GMT" time="27.516" errors="0">
  <testcase name="verify_US_order" time="27.516" classname="webstoreselenium.qa.testcases.order.Test_Order_US"/>
  <testcase name="verify_US_orderEmail_generated" classname="webstoreselenium.qa.testcases.order.Test_Order_US">
    <skipped/>
  </testcase> <!-- verify_US_orderEmail_generated -->
</testsuite> <!-- webstoreselenium.qa.testcases.order.Test_Order_US -->
