<?xml version="1.0" encoding="UTF-8"?>
<!-- Generated by org.testng.reporters.JUnitReportReporter -->
<testsuite skipped="0" hostname="PC77334" name="webstoreselenium.qa.testcases.LoginPageTest" tests="2" failures="0" timestamp="15 Apr 2019 17:24:59 GMT" time="29.761" errors="0">
  <testcase name="verifyErrorMsgForInvalidLogin" time="15.142" classname="webstoreselenium.qa.testcases.LoginPageTest"/>
  <testcase name="verifyCurrentUrl" time="14.619" classname="webstoreselenium.qa.testcases.LoginPageTest"/>
</testsuite> <!-- webstoreselenium.qa.testcases.LoginPageTest -->
