<?xml version="1.0" encoding="UTF-8"?>
<!-- Generated by org.testng.reporters.JUnitReportReporter -->
<testsuite skipped="0" hostname="PC77334" name="webstoreselenium.qa.testcases.LoginPageTest" tests="2" failures="0" timestamp="17 Apr 2019 17:14:54 GMT" time="24.903" errors="0">
  <testcase name="verifyErrorMsgForInvalidLogin" time="13.028" classname="webstoreselenium.qa.testcases.LoginPageTest"/>
  <testcase name="verifyCurrentUrl" time="11.875" classname="webstoreselenium.qa.testcases.LoginPageTest"/>
</testsuite> <!-- webstoreselenium.qa.testcases.LoginPageTest -->
