<?xml version="1.0" encoding="UTF-8"?>
<!-- Generated by org.testng.reporters.JUnitReportReporter -->
<testsuite skipped="0" hostname="PC77334" name="webstoreselenium.qa.testcases.IndexPageTest" tests="1" failures="0" timestamp="17 Apr 2019 17:14:54 GMT" time="14.376" errors="0">
  <testcase name="verifyIndexPageTitle" time="14.376" classname="webstoreselenium.qa.testcases.IndexPageTest"/>
</testsuite> <!-- webstoreselenium.qa.testcases.IndexPageTest -->
