<?xml version="1.0" encoding="UTF-8"?>
<!-- Generated by org.testng.reporters.JUnitReportReporter -->
<testsuite skipped="2" hostname="PC77334" name="webstoreselenium.qa.testcases.UpdateProfileTest" tests="2" failures="0" timestamp="17 Apr 2019 17:14:54 GMT" time="0.000" errors="0">
  <testcase name="verifyCreatedNewAddress" time="0.000" classname="webstoreselenium.qa.testcases.UpdateProfileTest">
    <skipped/>
  </testcase> <!-- verifyCreatedNewAddress -->
  <testcase name="verifyCurrentUrl" classname="webstoreselenium.qa.testcases.UpdateProfileTest">
    <skipped/>
  </testcase> <!-- verifyCurrentUrl -->
</testsuite> <!-- webstoreselenium.qa.testcases.UpdateProfileTest -->
